crafty: Restrictive
crafty-enormousbook: Restrictive
crafty-largebook: Restrictive
crafty-smallbook: Restrictive
crafty-tb-four: Restrictive
crafty-tb-three: Restrictive
freehelix: Restrictive
freetype-hinting: Restrictive
freetype-hinting-bin: Restrictive
freetype-hinting-shlibs: Restrictive
freetype2-hinting: Restrictive
freetype2-hinting-shlibs: Restrictive
fvwm-icons: Restrictive
hfspax: Restrictive
hx: Restrictive
pdflib: Restrictive
pdflib-shlibs: Restrictive
povray: Restrictive
rasmol: Restrictive
rpl: Restrictive
xephem: Restrictive
xmame: Restrictive
xmolwt: Restrictive
xv: Restrictive
